{"/Users/geoff/Documents/code/react-daraja/src/env.ts": {"path":"/Users/geoff/Documents/code/react-daraja/src/env.ts","statementMap":{"0":{"start":{"line":1,"column":13},"end":{"line":4,"column":2}},"1":{"start":{"line":6,"column":13},"end":{"line":9,"column":40}},"2":{"start":{"line":11,"column":13},"end":{"line":14,"column":2}},"3":{"start":{"line":16,"column":13},"end":{"line":19,"column":2}},"4":{"start":{"line":21,"column":13},"end":{"line":24,"column":2}},"5":{"start":{"line":26,"column":13},"end":{"line":29,"column":2}},"6":{"start":{"line":31,"column":13},"end":{"line":34,"column":2}},"7":{"start":{"line":37,"column":2},"end":{"line":39,"column":null}},"8":{"start":{"line":38,"column":4},"end":{"line":38,"column":34}},"9":{"start":{"line":41,"column":2},"end":{"line":41,"column":11}}},"fnMap":{"0":{"name":"assertValue","decl":{"start":{"line":36,"column":9},"end":{"line":36,"column":20}},"loc":{"start":{"line":36,"column":62},"end":{"line":42,"column":1}}}},"branchMap":{"0":{"loc":{"start":{"line":7,"column":2},"end":{"line":9,"column":39}},"type":"cond-expr","locations":[{"start":{"line":8,"column":6},"end":{"line":8,"column":35}},{"start":{"line":9,"column":6},"end":{"line":9,"column":39}}]},"1":{"loc":{"start":{"line":37,"column":2},"end":{"line":39,"column":null}},"type":"if","locations":[{"start":{"line":37,"column":2},"end":{"line":39,"column":null}}]}},"s":{"0":1,"1":1,"2":1,"3":1,"4":1,"5":1,"6":1,"7":6,"8":0,"9":6},"f":{"0":6},"b":{"0":[0,1],"1":[0]}}
,"/Users/geoff/Documents/code/react-daraja/src/index.ts": {"path":"/Users/geoff/Documents/code/react-daraja/src/index.ts","statementMap":{"0":{"start":{"line":1,"column":0},"end":{"line":1,"column":22}},"1":{"start":{"line":3,"column":0},"end":{"line":3,"column":24}},"2":{"start":{"line":4,"column":0},"end":{"line":4,"column":30}},"3":{"start":{"line":5,"column":0},"end":{"line":5,"column":22}},"4":{"start":{"line":6,"column":0},"end":{"line":6,"column":23}},"5":{"start":{"line":7,"column":0},"end":{"line":7,"column":23}},"6":{"start":{"line":8,"column":0},"end":{"line":8,"column":24}}},"fnMap":{},"branchMap":{},"s":{"0":0,"1":0,"2":0,"3":0,"4":0,"5":0,"6":0},"f":{},"b":{}}
,"/Users/geoff/Documents/code/react-daraja/src/next/index.ts": {"path":"/Users/geoff/Documents/code/react-daraja/src/next/index.ts","statementMap":{"0":{"start":{"line":1,"column":0},"end":{"line":1,"column":9}},"1":{"start":{"line":1,"column":9},"end":{"line":1,"column":67}}},"fnMap":{"0":{"name":"(anonymous_0)","decl":{"start":{"line":1,"column":9},"end":{"line":1,"column":22}},"loc":{"start":{"line":1,"column":9},"end":{"line":1,"column":67}}}},"branchMap":{},"s":{"0":0,"1":0},"f":{"0":0},"b":{}}
,"/Users/geoff/Documents/code/react-daraja/src/react/index.ts": {"path":"/Users/geoff/Documents/code/react-daraja/src/react/index.ts","statementMap":{"0":{"start":{"line":1,"column":0},"end":{"line":1,"column":9}},"1":{"start":{"line":1,"column":9},"end":{"line":1,"column":44}}},"fnMap":{"0":{"name":"(anonymous_0)","decl":{"start":{"line":1,"column":9},"end":{"line":1,"column":22}},"loc":{"start":{"line":1,"column":9},"end":{"line":1,"column":44}}}},"branchMap":{},"s":{"0":0,"1":0},"f":{"0":0},"b":{}}
,"/Users/geoff/Documents/code/react-daraja/src/types/index.d.ts": {"path":"/Users/geoff/Documents/code/react-daraja/src/types/index.d.ts","statementMap":{},"fnMap":{},"branchMap":{},"s":{},"f":{},"b":{}}
,"/Users/geoff/Documents/code/react-daraja/src/util/index.ts": {"path":"/Users/geoff/Documents/code/react-daraja/src/util/index.ts","statementMap":{"0":{"start":{"line":1,"column":0},"end":{"line":1,"column":24}}},"fnMap":{},"branchMap":{},"s":{"0":0},"f":{},"b":{}}
,"/Users/geoff/Documents/code/react-daraja/src/util/utils.ts": {"path":"/Users/geoff/Documents/code/react-daraja/src/util/utils.ts","statementMap":{"0":{"start":{"line":1,"column":0},"end":{"line":1,"column":54}},"1":{"start":{"line":9,"column":14},"end":{"line":9,"column":24}},"2":{"start":{"line":10,"column":15},"end":{"line":10,"column":60}},"3":{"start":{"line":11,"column":16},"end":{"line":11,"column":64}},"4":{"start":{"line":12,"column":15},"end":{"line":12,"column":56}},"5":{"start":{"line":13,"column":16},"end":{"line":13,"column":58}},"6":{"start":{"line":14,"column":18},"end":{"line":14,"column":62}},"7":{"start":{"line":15,"column":18},"end":{"line":15,"column":62}},"8":{"start":{"line":17,"column":2},"end":{"line":17,"column":62}},"9":{"start":{"line":8,"column":0},"end":{"line":8,"column":16}},"10":{"start":{"line":20,"column":32},"end":{"line":38,"column":1}},"11":{"start":{"line":21,"column":28},"end":{"line":21,"column":47}},"12":{"start":{"line":22,"column":18},"end":{"line":22,"column":25}},"13":{"start":{"line":24,"column":20},"end":{"line":24,"column":39}},"14":{"start":{"line":26,"column":29},"end":{"line":26,"column":73}},"15":{"start":{"line":29,"column":2},"end":{"line":37,"column":null}},"16":{"start":{"line":31,"column":26},"end":{"line":31,"column":76}},"17":{"start":{"line":32,"column":4},"end":{"line":32,"column":25}},"18":{"start":{"line":35,"column":26},"end":{"line":35,"column":50}},"19":{"start":{"line":36,"column":4},"end":{"line":36,"column":25}},"20":{"start":{"line":20,"column":13},"end":{"line":20,"column":32}}},"fnMap":{"0":{"name":"generateTimestamp","decl":{"start":{"line":8,"column":16},"end":{"line":8,"column":33}},"loc":{"start":{"line":8,"column":33},"end":{"line":18,"column":1}}},"1":{"name":"(anonymous_1)","decl":{"start":{"line":20,"column":32},"end":{"line":20,"column":43}},"loc":{"start":{"line":20,"column":45},"end":{"line":38,"column":1}}}},"branchMap":{"0":{"loc":{"start":{"line":29,"column":2},"end":{"line":37,"column":null}},"type":"if","locations":[{"start":{"line":29,"column":2},"end":{"line":37,"column":null}},{"start":{"line":33,"column":9},"end":{"line":37,"column":null}}]}},"s":{"0":0,"1":0,"2":0,"3":0,"4":0,"5":0,"6":0,"7":0,"8":0,"9":0,"10":0,"11":0,"12":0,"13":0,"14":0,"15":0,"16":0,"17":0,"18":0,"19":0,"20":0},"f":{"0":0,"1":0},"b":{"0":[0,0]}}
,"/Users/geoff/Documents/code/react-daraja/src/wrapper-fns/access-token.ts": {"path":"/Users/geoff/Documents/code/react-daraja/src/wrapper-fns/access-token.ts","statementMap":{"0":{"start":{"line":1,"column":0},"end":{"line":1,"column":65}},"1":{"start":{"line":4,"column":0},"end":{"line":4,"column":26}},"2":{"start":{"line":5,"column":0},"end":{"line":5,"column":33}},"3":{"start":{"line":19,"column":35},"end":{"line":53,"column":1}},"4":{"start":{"line":20,"column":22},"end":{"line":20,"column":58}},"5":{"start":{"line":21,"column":28},"end":{"line":21,"column":71}},"6":{"start":{"line":23,"column":38},"end":{"line":23,"column":54}},"7":{"start":{"line":25,"column":2},"end":{"line":27,"column":null}},"8":{"start":{"line":26,"column":4},"end":{"line":26,"column":17}},"9":{"start":{"line":29,"column":2},"end":{"line":52,"column":null}},"10":{"start":{"line":30,"column":16},"end":{"line":36,"column":null}},"11":{"start":{"line":45,"column":4},"end":{"line":45,"column":59}},"12":{"start":{"line":47,"column":4},"end":{"line":47,"column":20}},"13":{"start":{"line":49,"column":4},"end":{"line":51,"column":6}},"14":{"start":{"line":19,"column":13},"end":{"line":19,"column":35}}},"fnMap":{"0":{"name":"(anonymous_1)","decl":{"start":{"line":19,"column":35},"end":{"line":19,"column":40}},"loc":{"start":{"line":19,"column":102},"end":{"line":53,"column":1}}}},"branchMap":{"0":{"loc":{"start":{"line":19,"column":42},"end":{"line":19,"column":66}},"type":"default-arg","locations":[{"start":{"line":19,"column":62},"end":{"line":19,"column":66}}]},"1":{"loc":{"start":{"line":25,"column":2},"end":{"line":27,"column":null}},"type":"if","locations":[{"start":{"line":25,"column":2},"end":{"line":27,"column":null}}]},"2":{"loc":{"start":{"line":50,"column":41},"end":{"line":50,"column":61}},"type":"cond-expr","locations":[{"start":{"line":50,"column":53},"end":{"line":50,"column":55}},{"start":{"line":50,"column":53},"end":{"line":50,"column":61}}]},"3":{"loc":{"start":{"line":50,"column":41},"end":{"line":50,"column":55}},"type":"binary-expr","locations":[{"start":{"line":50,"column":41},"end":{"line":50,"column":55}},{"start":{"line":50,"column":53},"end":{"line":50,"column":55}}]},"4":{"loc":{"start":{"line":50,"column":64},"end":{"line":50,"column":116}},"type":"cond-expr","locations":[{"start":{"line":50,"column":87},"end":{"line":50,"column":111}},{"start":{"line":50,"column":114},"end":{"line":50,"column":116}}]}},"s":{"0":1,"1":1,"2":1,"3":1,"4":3,"5":3,"6":3,"7":3,"8":1,"9":2,"10":2,"11":1,"12":1,"13":1,"14":1},"f":{"0":3},"b":{"0":[3],"1":[1],"2":[0,1],"3":[1,1],"4":[0,1]}}
,"/Users/geoff/Documents/code/react-daraja/src/wrapper-fns/index.ts": {"path":"/Users/geoff/Documents/code/react-daraja/src/wrapper-fns/index.ts","statementMap":{"0":{"start":{"line":1,"column":0},"end":{"line":1,"column":30}},"1":{"start":{"line":2,"column":0},"end":{"line":2,"column":9}},"2":{"start":{"line":2,"column":9},"end":{"line":2,"column":65}},"3":{"start":{"line":3,"column":0},"end":{"line":3,"column":9}},"4":{"start":{"line":3,"column":9},"end":{"line":3,"column":53}}},"fnMap":{"0":{"name":"(anonymous_4)","decl":{"start":{"line":2,"column":9},"end":{"line":2,"column":23}},"loc":{"start":{"line":2,"column":9},"end":{"line":2,"column":65}}},"1":{"name":"(anonymous_5)","decl":{"start":{"line":3,"column":9},"end":{"line":3,"column":28}},"loc":{"start":{"line":3,"column":9},"end":{"line":3,"column":53}}}},"branchMap":{},"s":{"0":0,"1":0,"2":0,"3":0,"4":0},"f":{"0":0,"1":0},"b":{}}
,"/Users/geoff/Documents/code/react-daraja/src/wrapper-fns/stk-push.ts": {"path":"/Users/geoff/Documents/code/react-daraja/src/wrapper-fns/stk-push.ts","statementMap":{"0":{"start":{"line":11,"column":0},"end":{"line":11,"column":77}},"1":{"start":{"line":12,"column":0},"end":{"line":12,"column":68}},"2":{"start":{"line":14,"column":0},"end":{"line":14,"column":26}},"3":{"start":{"line":15,"column":0},"end":{"line":15,"column":53}},"4":{"start":{"line":25,"column":30},"end":{"line":91,"column":1}},"5":{"start":{"line":35,"column":2},"end":{"line":37,"column":null}},"6":{"start":{"line":36,"column":4},"end":{"line":36,"column":71}},"7":{"start":{"line":38,"column":2},"end":{"line":40,"column":null}},"8":{"start":{"line":39,"column":4},"end":{"line":39,"column":72}},"9":{"start":{"line":42,"column":2},"end":{"line":44,"column":null}},"10":{"start":{"line":43,"column":4},"end":{"line":43,"column":77}},"11":{"start":{"line":46,"column":2},"end":{"line":48,"column":null}},"12":{"start":{"line":47,"column":4},"end":{"line":47,"column":59}},"13":{"start":{"line":51,"column":2},"end":{"line":90,"column":null}},"14":{"start":{"line":52,"column":22},"end":{"line":52,"column":41}},"15":{"start":{"line":54,"column":21},"end":{"line":54,"column":39}},"16":{"start":{"line":56,"column":37},"end":{"line":69,"column":6}},"17":{"start":{"line":71,"column":32},"end":{"line":71,"column":59}},"18":{"start":{"line":73,"column":16},"end":{"line":80,"column":null}},"19":{"start":{"line":83,"column":4},"end":{"line":83,"column":20}},"20":{"start":{"line":85,"column":4},"end":{"line":85,"column":23}},"21":{"start":{"line":87,"column":4},"end":{"line":89,"column":6}},"22":{"start":{"line":25,"column":13},"end":{"line":25,"column":30}}},"fnMap":{"0":{"name":"(anonymous_1)","decl":{"start":{"line":25,"column":30},"end":{"line":25,"column":35}},"loc":{"start":{"line":31,"column":26},"end":{"line":91,"column":1}}}},"branchMap":{"0":{"loc":{"start":{"line":35,"column":2},"end":{"line":37,"column":null}},"type":"if","locations":[{"start":{"line":35,"column":2},"end":{"line":37,"column":null}}]},"1":{"loc":{"start":{"line":38,"column":2},"end":{"line":40,"column":null}},"type":"if","locations":[{"start":{"line":38,"column":2},"end":{"line":40,"column":null}}]},"2":{"loc":{"start":{"line":42,"column":2},"end":{"line":44,"column":null}},"type":"if","locations":[{"start":{"line":42,"column":2},"end":{"line":44,"column":null}}]},"3":{"loc":{"start":{"line":42,"column":6},"end":{"line":42,"column":75}},"type":"binary-expr","locations":[{"start":{"line":42,"column":6},"end":{"line":42,"column":36}},{"start":{"line":42,"column":40},"end":{"line":42,"column":75}}]},"4":{"loc":{"start":{"line":46,"column":2},"end":{"line":48,"column":null}},"type":"if","locations":[{"start":{"line":46,"column":2},"end":{"line":48,"column":null}}]},"5":{"loc":{"start":{"line":63,"column":14},"end":{"line":63,"column":57}},"type":"cond-expr","locations":[{"start":{"line":63,"column":45},"end":{"line":63,"column":51}},{"start":{"line":63,"column":54},"end":{"line":63,"column":57}}]},"6":{"loc":{"start":{"line":88,"column":41},"end":{"line":88,"column":61}},"type":"cond-expr","locations":[{"start":{"line":88,"column":53},"end":{"line":88,"column":55}},{"start":{"line":88,"column":53},"end":{"line":88,"column":61}}]},"7":{"loc":{"start":{"line":88,"column":41},"end":{"line":88,"column":55}},"type":"binary-expr","locations":[{"start":{"line":88,"column":41},"end":{"line":88,"column":55}},{"start":{"line":88,"column":53},"end":{"line":88,"column":55}}]},"8":{"loc":{"start":{"line":88,"column":66},"end":{"line":88,"column":90}},"type":"cond-expr","locations":[{"start":{"line":88,"column":78},"end":{"line":88,"column":80}},{"start":{"line":88,"column":78},"end":{"line":88,"column":90}}]},"9":{"loc":{"start":{"line":88,"column":66},"end":{"line":88,"column":80}},"type":"binary-expr","locations":[{"start":{"line":88,"column":66},"end":{"line":88,"column":80}},{"start":{"line":88,"column":78},"end":{"line":88,"column":80}}]}},"s":{"0":0,"1":0,"2":0,"3":0,"4":0,"5":0,"6":0,"7":0,"8":0,"9":0,"10":0,"11":0,"12":0,"13":0,"14":0,"15":0,"16":0,"17":0,"18":0,"19":0,"20":0,"21":0,"22":0},"f":{"0":0},"b":{"0":[0],"1":[0],"2":[0],"3":[0,0],"4":[0],"5":[0,0],"6":[0,0],"7":[0,0],"8":[0,0],"9":[0,0]}}
,"/Users/geoff/Documents/code/react-daraja/src/wrapper-fns/wrapper-fns.ts": {"path":"/Users/geoff/Documents/code/react-daraja/src/wrapper-fns/wrapper-fns.ts","statementMap":{"0":{"start":{"line":22,"column":0},"end":{"line":22,"column":64}},"1":{"start":{"line":23,"column":0},"end":{"line":23,"column":57}},"2":{"start":{"line":24,"column":0},"end":{"line":24,"column":68}},"3":{"start":{"line":26,"column":0},"end":{"line":26,"column":53}},"4":{"start":{"line":38,"column":27},"end":{"line":58,"column":1}},"5":{"start":{"line":41,"column":27},"end":{"line":41,"column":54}},"6":{"start":{"line":42,"column":2},"end":{"line":57,"column":null}},"7":{"start":{"line":43,"column":56},"end":{"line":50,"column":null}},"8":{"start":{"line":52,"column":4},"end":{"line":52,"column":20}},"9":{"start":{"line":54,"column":4},"end":{"line":56,"column":6}},"10":{"start":{"line":38,"column":13},"end":{"line":38,"column":27}},"11":{"start":{"line":77,"column":43},"end":{"line":101,"column":1}},"12":{"start":{"line":80,"column":27},"end":{"line":80,"column":54}},"13":{"start":{"line":81,"column":19},"end":{"line":81,"column":37}},"14":{"start":{"line":83,"column":2},"end":{"line":100,"column":null}},"15":{"start":{"line":85,"column":6},"end":{"line":92,"column":null}},"16":{"start":{"line":95,"column":4},"end":{"line":95,"column":20}},"17":{"start":{"line":97,"column":4},"end":{"line":99,"column":6}},"18":{"start":{"line":77,"column":13},"end":{"line":77,"column":43}},"19":{"start":{"line":103,"column":30},"end":{"line":128,"column":1}},"20":{"start":{"line":106,"column":27},"end":{"line":106,"column":54}},"21":{"start":{"line":108,"column":2},"end":{"line":127,"column":null}},"22":{"start":{"line":109,"column":52},"end":{"line":119,"column":null}},"23":{"start":{"line":122,"column":4},"end":{"line":122,"column":20}},"24":{"start":{"line":124,"column":4},"end":{"line":126,"column":6}},"25":{"start":{"line":103,"column":13},"end":{"line":103,"column":30}},"26":{"start":{"line":130,"column":33},"end":{"line":151,"column":1}},"27":{"start":{"line":133,"column":27},"end":{"line":133,"column":54}},"28":{"start":{"line":135,"column":2},"end":{"line":150,"column":null}},"29":{"start":{"line":136,"column":51},"end":{"line":143,"column":null}},"30":{"start":{"line":145,"column":4},"end":{"line":145,"column":20}},"31":{"start":{"line":147,"column":4},"end":{"line":149,"column":6}},"32":{"start":{"line":130,"column":13},"end":{"line":130,"column":33}},"33":{"start":{"line":153,"column":33},"end":{"line":174,"column":1}},"34":{"start":{"line":156,"column":27},"end":{"line":156,"column":54}},"35":{"start":{"line":158,"column":2},"end":{"line":173,"column":null}},"36":{"start":{"line":159,"column":56},"end":{"line":166,"column":null}},"37":{"start":{"line":168,"column":4},"end":{"line":168,"column":20}},"38":{"start":{"line":170,"column":4},"end":{"line":172,"column":6}},"39":{"start":{"line":153,"column":13},"end":{"line":153,"column":33}},"40":{"start":{"line":176,"column":36},"end":{"line":197,"column":1}},"41":{"start":{"line":179,"column":27},"end":{"line":179,"column":54}},"42":{"start":{"line":181,"column":2},"end":{"line":196,"column":null}},"43":{"start":{"line":182,"column":58},"end":{"line":189,"column":null}},"44":{"start":{"line":191,"column":4},"end":{"line":191,"column":20}},"45":{"start":{"line":193,"column":4},"end":{"line":195,"column":6}},"46":{"start":{"line":176,"column":13},"end":{"line":176,"column":36}},"47":{"start":{"line":199,"column":33},"end":{"line":220,"column":1}},"48":{"start":{"line":202,"column":27},"end":{"line":202,"column":54}},"49":{"start":{"line":204,"column":2},"end":{"line":219,"column":null}},"50":{"start":{"line":205,"column":55},"end":{"line":212,"column":null}},"51":{"start":{"line":214,"column":4},"end":{"line":214,"column":20}},"52":{"start":{"line":216,"column":4},"end":{"line":218,"column":6}},"53":{"start":{"line":199,"column":13},"end":{"line":199,"column":33}},"54":{"start":{"line":222,"column":37},"end":{"line":243,"column":1}},"55":{"start":{"line":225,"column":27},"end":{"line":225,"column":54}},"56":{"start":{"line":227,"column":2},"end":{"line":242,"column":null}},"57":{"start":{"line":228,"column":62},"end":{"line":235,"column":null}},"58":{"start":{"line":237,"column":4},"end":{"line":237,"column":20}},"59":{"start":{"line":239,"column":4},"end":{"line":241,"column":6}},"60":{"start":{"line":222,"column":13},"end":{"line":222,"column":37}},"61":{"start":{"line":245,"column":24},"end":{"line":266,"column":1}},"62":{"start":{"line":248,"column":27},"end":{"line":248,"column":54}},"63":{"start":{"line":250,"column":2},"end":{"line":265,"column":null}},"64":{"start":{"line":251,"column":54},"end":{"line":258,"column":null}},"65":{"start":{"line":260,"column":4},"end":{"line":260,"column":20}},"66":{"start":{"line":262,"column":4},"end":{"line":264,"column":6}},"67":{"start":{"line":245,"column":13},"end":{"line":245,"column":24}},"68":{"start":{"line":268,"column":34},"end":{"line":286,"column":1}},"69":{"start":{"line":269,"column":27},"end":{"line":269,"column":54}},"70":{"start":{"line":271,"column":2},"end":{"line":285,"column":null}},"71":{"start":{"line":272,"column":16},"end":{"line":276,"column":6}},"72":{"start":{"line":278,"column":4},"end":{"line":278,"column":20}},"73":{"start":{"line":280,"column":16},"end":{"line":280,"column":35}},"74":{"start":{"line":281,"column":4},"end":{"line":281,"column":25}},"75":{"start":{"line":282,"column":4},"end":{"line":284,"column":6}},"76":{"start":{"line":268,"column":13},"end":{"line":268,"column":34}}},"fnMap":{"0":{"name":"(anonymous_1)","decl":{"start":{"line":38,"column":27},"end":{"line":38,"column":32}},"loc":{"start":{"line":40,"column":38},"end":{"line":58,"column":1}}},"1":{"name":"(anonymous_2)","decl":{"start":{"line":77,"column":43},"end":{"line":77,"column":48}},"loc":{"start":{"line":79,"column":47},"end":{"line":101,"column":1}}},"2":{"name":"(anonymous_3)","decl":{"start":{"line":103,"column":30},"end":{"line":103,"column":35}},"loc":{"start":{"line":105,"column":34},"end":{"line":128,"column":1}}},"3":{"name":"(anonymous_4)","decl":{"start":{"line":130,"column":33},"end":{"line":130,"column":38}},"loc":{"start":{"line":132,"column":33},"end":{"line":151,"column":1}}},"4":{"name":"(anonymous_5)","decl":{"start":{"line":153,"column":33},"end":{"line":153,"column":38}},"loc":{"start":{"line":155,"column":38},"end":{"line":174,"column":1}}},"5":{"name":"(anonymous_6)","decl":{"start":{"line":176,"column":36},"end":{"line":176,"column":41}},"loc":{"start":{"line":178,"column":40},"end":{"line":197,"column":1}}},"6":{"name":"(anonymous_7)","decl":{"start":{"line":199,"column":33},"end":{"line":199,"column":38}},"loc":{"start":{"line":201,"column":37},"end":{"line":220,"column":1}}},"7":{"name":"(anonymous_8)","decl":{"start":{"line":222,"column":37},"end":{"line":222,"column":42}},"loc":{"start":{"line":224,"column":44},"end":{"line":243,"column":1}}},"8":{"name":"(anonymous_9)","decl":{"start":{"line":245,"column":24},"end":{"line":245,"column":29}},"loc":{"start":{"line":247,"column":36},"end":{"line":266,"column":1}}},"9":{"name":"(anonymous_10)","decl":{"start":{"line":268,"column":34},"end":{"line":268,"column":39}},"loc":{"start":{"line":268,"column":73},"end":{"line":286,"column":1}}}},"branchMap":{"0":{"loc":{"start":{"line":55,"column":41},"end":{"line":55,"column":61}},"type":"cond-expr","locations":[{"start":{"line":55,"column":53},"end":{"line":55,"column":55}},{"start":{"line":55,"column":53},"end":{"line":55,"column":61}}]},"1":{"loc":{"start":{"line":55,"column":41},"end":{"line":55,"column":55}},"type":"binary-expr","locations":[{"start":{"line":55,"column":41},"end":{"line":55,"column":55}},{"start":{"line":55,"column":53},"end":{"line":55,"column":55}}]},"2":{"loc":{"start":{"line":55,"column":66},"end":{"line":55,"column":90}},"type":"cond-expr","locations":[{"start":{"line":55,"column":78},"end":{"line":55,"column":80}},{"start":{"line":55,"column":78},"end":{"line":55,"column":90}}]},"3":{"loc":{"start":{"line":55,"column":66},"end":{"line":55,"column":80}},"type":"binary-expr","locations":[{"start":{"line":55,"column":66},"end":{"line":55,"column":80}},{"start":{"line":55,"column":78},"end":{"line":55,"column":80}}]},"4":{"loc":{"start":{"line":98,"column":41},"end":{"line":98,"column":61}},"type":"cond-expr","locations":[{"start":{"line":98,"column":53},"end":{"line":98,"column":55}},{"start":{"line":98,"column":53},"end":{"line":98,"column":61}}]},"5":{"loc":{"start":{"line":98,"column":41},"end":{"line":98,"column":55}},"type":"binary-expr","locations":[{"start":{"line":98,"column":41},"end":{"line":98,"column":55}},{"start":{"line":98,"column":53},"end":{"line":98,"column":55}}]},"6":{"loc":{"start":{"line":98,"column":66},"end":{"line":98,"column":90}},"type":"cond-expr","locations":[{"start":{"line":98,"column":78},"end":{"line":98,"column":80}},{"start":{"line":98,"column":78},"end":{"line":98,"column":90}}]},"7":{"loc":{"start":{"line":98,"column":66},"end":{"line":98,"column":80}},"type":"binary-expr","locations":[{"start":{"line":98,"column":66},"end":{"line":98,"column":80}},{"start":{"line":98,"column":78},"end":{"line":98,"column":80}}]},"8":{"loc":{"start":{"line":125,"column":41},"end":{"line":125,"column":61}},"type":"cond-expr","locations":[{"start":{"line":125,"column":53},"end":{"line":125,"column":55}},{"start":{"line":125,"column":53},"end":{"line":125,"column":61}}]},"9":{"loc":{"start":{"line":125,"column":41},"end":{"line":125,"column":55}},"type":"binary-expr","locations":[{"start":{"line":125,"column":41},"end":{"line":125,"column":55}},{"start":{"line":125,"column":53},"end":{"line":125,"column":55}}]},"10":{"loc":{"start":{"line":125,"column":66},"end":{"line":125,"column":90}},"type":"cond-expr","locations":[{"start":{"line":125,"column":78},"end":{"line":125,"column":80}},{"start":{"line":125,"column":78},"end":{"line":125,"column":90}}]},"11":{"loc":{"start":{"line":125,"column":66},"end":{"line":125,"column":80}},"type":"binary-expr","locations":[{"start":{"line":125,"column":66},"end":{"line":125,"column":80}},{"start":{"line":125,"column":78},"end":{"line":125,"column":80}}]},"12":{"loc":{"start":{"line":148,"column":41},"end":{"line":148,"column":61}},"type":"cond-expr","locations":[{"start":{"line":148,"column":53},"end":{"line":148,"column":55}},{"start":{"line":148,"column":53},"end":{"line":148,"column":61}}]},"13":{"loc":{"start":{"line":148,"column":41},"end":{"line":148,"column":55}},"type":"binary-expr","locations":[{"start":{"line":148,"column":41},"end":{"line":148,"column":55}},{"start":{"line":148,"column":53},"end":{"line":148,"column":55}}]},"14":{"loc":{"start":{"line":148,"column":66},"end":{"line":148,"column":90}},"type":"cond-expr","locations":[{"start":{"line":148,"column":78},"end":{"line":148,"column":80}},{"start":{"line":148,"column":78},"end":{"line":148,"column":90}}]},"15":{"loc":{"start":{"line":148,"column":66},"end":{"line":148,"column":80}},"type":"binary-expr","locations":[{"start":{"line":148,"column":66},"end":{"line":148,"column":80}},{"start":{"line":148,"column":78},"end":{"line":148,"column":80}}]},"16":{"loc":{"start":{"line":171,"column":41},"end":{"line":171,"column":61}},"type":"cond-expr","locations":[{"start":{"line":171,"column":53},"end":{"line":171,"column":55}},{"start":{"line":171,"column":53},"end":{"line":171,"column":61}}]},"17":{"loc":{"start":{"line":171,"column":41},"end":{"line":171,"column":55}},"type":"binary-expr","locations":[{"start":{"line":171,"column":41},"end":{"line":171,"column":55}},{"start":{"line":171,"column":53},"end":{"line":171,"column":55}}]},"18":{"loc":{"start":{"line":171,"column":66},"end":{"line":171,"column":90}},"type":"cond-expr","locations":[{"start":{"line":171,"column":78},"end":{"line":171,"column":80}},{"start":{"line":171,"column":78},"end":{"line":171,"column":90}}]},"19":{"loc":{"start":{"line":171,"column":66},"end":{"line":171,"column":80}},"type":"binary-expr","locations":[{"start":{"line":171,"column":66},"end":{"line":171,"column":80}},{"start":{"line":171,"column":78},"end":{"line":171,"column":80}}]},"20":{"loc":{"start":{"line":194,"column":41},"end":{"line":194,"column":61}},"type":"cond-expr","locations":[{"start":{"line":194,"column":53},"end":{"line":194,"column":55}},{"start":{"line":194,"column":53},"end":{"line":194,"column":61}}]},"21":{"loc":{"start":{"line":194,"column":41},"end":{"line":194,"column":55}},"type":"binary-expr","locations":[{"start":{"line":194,"column":41},"end":{"line":194,"column":55}},{"start":{"line":194,"column":53},"end":{"line":194,"column":55}}]},"22":{"loc":{"start":{"line":194,"column":66},"end":{"line":194,"column":90}},"type":"cond-expr","locations":[{"start":{"line":194,"column":78},"end":{"line":194,"column":80}},{"start":{"line":194,"column":78},"end":{"line":194,"column":90}}]},"23":{"loc":{"start":{"line":194,"column":66},"end":{"line":194,"column":80}},"type":"binary-expr","locations":[{"start":{"line":194,"column":66},"end":{"line":194,"column":80}},{"start":{"line":194,"column":78},"end":{"line":194,"column":80}}]},"24":{"loc":{"start":{"line":217,"column":41},"end":{"line":217,"column":61}},"type":"cond-expr","locations":[{"start":{"line":217,"column":53},"end":{"line":217,"column":55}},{"start":{"line":217,"column":53},"end":{"line":217,"column":61}}]},"25":{"loc":{"start":{"line":217,"column":41},"end":{"line":217,"column":55}},"type":"binary-expr","locations":[{"start":{"line":217,"column":41},"end":{"line":217,"column":55}},{"start":{"line":217,"column":53},"end":{"line":217,"column":55}}]},"26":{"loc":{"start":{"line":217,"column":66},"end":{"line":217,"column":90}},"type":"cond-expr","locations":[{"start":{"line":217,"column":78},"end":{"line":217,"column":80}},{"start":{"line":217,"column":78},"end":{"line":217,"column":90}}]},"27":{"loc":{"start":{"line":217,"column":66},"end":{"line":217,"column":80}},"type":"binary-expr","locations":[{"start":{"line":217,"column":66},"end":{"line":217,"column":80}},{"start":{"line":217,"column":78},"end":{"line":217,"column":80}}]},"28":{"loc":{"start":{"line":240,"column":41},"end":{"line":240,"column":61}},"type":"cond-expr","locations":[{"start":{"line":240,"column":53},"end":{"line":240,"column":55}},{"start":{"line":240,"column":53},"end":{"line":240,"column":61}}]},"29":{"loc":{"start":{"line":240,"column":41},"end":{"line":240,"column":55}},"type":"binary-expr","locations":[{"start":{"line":240,"column":41},"end":{"line":240,"column":55}},{"start":{"line":240,"column":53},"end":{"line":240,"column":55}}]},"30":{"loc":{"start":{"line":240,"column":66},"end":{"line":240,"column":90}},"type":"cond-expr","locations":[{"start":{"line":240,"column":78},"end":{"line":240,"column":80}},{"start":{"line":240,"column":78},"end":{"line":240,"column":90}}]},"31":{"loc":{"start":{"line":240,"column":66},"end":{"line":240,"column":80}},"type":"binary-expr","locations":[{"start":{"line":240,"column":66},"end":{"line":240,"column":80}},{"start":{"line":240,"column":78},"end":{"line":240,"column":80}}]},"32":{"loc":{"start":{"line":263,"column":41},"end":{"line":263,"column":61}},"type":"cond-expr","locations":[{"start":{"line":263,"column":53},"end":{"line":263,"column":55}},{"start":{"line":263,"column":53},"end":{"line":263,"column":61}}]},"33":{"loc":{"start":{"line":263,"column":41},"end":{"line":263,"column":55}},"type":"binary-expr","locations":[{"start":{"line":263,"column":41},"end":{"line":263,"column":55}},{"start":{"line":263,"column":53},"end":{"line":263,"column":55}}]},"34":{"loc":{"start":{"line":263,"column":66},"end":{"line":263,"column":90}},"type":"cond-expr","locations":[{"start":{"line":263,"column":78},"end":{"line":263,"column":80}},{"start":{"line":263,"column":78},"end":{"line":263,"column":90}}]},"35":{"loc":{"start":{"line":263,"column":66},"end":{"line":263,"column":80}},"type":"binary-expr","locations":[{"start":{"line":263,"column":66},"end":{"line":263,"column":80}},{"start":{"line":263,"column":78},"end":{"line":263,"column":80}}]},"36":{"loc":{"start":{"line":283,"column":41},"end":{"line":283,"column":61}},"type":"cond-expr","locations":[{"start":{"line":283,"column":53},"end":{"line":283,"column":55}},{"start":{"line":283,"column":53},"end":{"line":283,"column":61}}]},"37":{"loc":{"start":{"line":283,"column":41},"end":{"line":283,"column":55}},"type":"binary-expr","locations":[{"start":{"line":283,"column":41},"end":{"line":283,"column":55}},{"start":{"line":283,"column":53},"end":{"line":283,"column":55}}]},"38":{"loc":{"start":{"line":283,"column":66},"end":{"line":283,"column":90}},"type":"cond-expr","locations":[{"start":{"line":283,"column":78},"end":{"line":283,"column":80}},{"start":{"line":283,"column":78},"end":{"line":283,"column":90}}]},"39":{"loc":{"start":{"line":283,"column":66},"end":{"line":283,"column":80}},"type":"binary-expr","locations":[{"start":{"line":283,"column":66},"end":{"line":283,"column":80}},{"start":{"line":283,"column":78},"end":{"line":283,"column":80}}]}},"s":{"0":0,"1":0,"2":0,"3":0,"4":0,"5":0,"6":0,"7":0,"8":0,"9":0,"10":0,"11":0,"12":0,"13":0,"14":0,"15":0,"16":0,"17":0,"18":0,"19":0,"20":0,"21":0,"22":0,"23":0,"24":0,"25":0,"26":0,"27":0,"28":0,"29":0,"30":0,"31":0,"32":0,"33":0,"34":0,"35":0,"36":0,"37":0,"38":0,"39":0,"40":0,"41":0,"42":0,"43":0,"44":0,"45":0,"46":0,"47":0,"48":0,"49":0,"50":0,"51":0,"52":0,"53":0,"54":0,"55":0,"56":0,"57":0,"58":0,"59":0,"60":0,"61":0,"62":0,"63":0,"64":0,"65":0,"66":0,"67":0,"68":0,"69":0,"70":0,"71":0,"72":0,"73":0,"74":0,"75":0,"76":0},"f":{"0":0,"1":0,"2":0,"3":0,"4":0,"5":0,"6":0,"7":0,"8":0,"9":0},"b":{"0":[0,0],"1":[0,0],"2":[0,0],"3":[0,0],"4":[0,0],"5":[0,0],"6":[0,0],"7":[0,0],"8":[0,0],"9":[0,0],"10":[0,0],"11":[0,0],"12":[0,0],"13":[0,0],"14":[0,0],"15":[0,0],"16":[0,0],"17":[0,0],"18":[0,0],"19":[0,0],"20":[0,0],"21":[0,0],"22":[0,0],"23":[0,0],"24":[0,0],"25":[0,0],"26":[0,0],"27":[0,0],"28":[0,0],"29":[0,0],"30":[0,0],"31":[0,0],"32":[0,0],"33":[0,0],"34":[0,0],"35":[0,0],"36":[0,0],"37":[0,0],"38":[0,0],"39":[0,0]}}
}
