TN:
SF:src/env.ts
FN:36,assertValue
FNF:1
FNH:1
FNDA:18,assertValue
DA:1,3
DA:6,3
DA:11,3
DA:16,3
DA:21,3
DA:26,3
DA:31,3
DA:37,18
DA:38,0
DA:41,18
LF:10
LH:9
BRDA:7,0,0,0
BRDA:7,0,1,3
BRDA:37,1,0,0
BRF:3
BRH:1
end_of_record
TN:
SF:src/index.ts
FNF:0
FNH:0
DA:1,0
DA:3,0
DA:4,0
DA:5,0
DA:6,0
DA:7,0
DA:8,0
LF:7
LH:0
BRF:0
BRH:0
end_of_record
TN:
SF:src/next/index.ts
FN:1,(anonymous_0)
FNF:1
FNH:0
FNDA:0,(anonymous_0)
DA:1,0
LF:1
LH:0
BRF:0
BRH:0
end_of_record
TN:
SF:src/react/index.ts
FN:1,(anonymous_0)
FNF:1
FNH:0
FNDA:0,(anonymous_0)
DA:1,0
LF:1
LH:0
BRF:0
BRH:0
end_of_record
TN:
SF:src/types/index.d.ts
FNF:0
FNH:0
LF:0
LH:0
BRF:0
BRH:0
end_of_record
TN:
SF:src/util/index.ts
FNF:0
FNH:0
DA:1,0
LF:1
LH:0
BRF:0
BRH:0
end_of_record
TN:
SF:src/util/utils.ts
FN:8,generateTimestamp
FN:20,(anonymous_1)
FN:51,(anonymous_2)
FNF:3
FNH:3
FNDA:4,generateTimestamp
FNDA:2,(anonymous_1)
FNDA:5,(anonymous_2)
DA:1,1
DA:8,1
DA:9,4
DA:10,4
DA:11,4
DA:12,4
DA:13,4
DA:14,4
DA:15,4
DA:17,4
DA:20,1
DA:21,2
DA:22,2
DA:24,2
DA:26,2
DA:29,2
DA:31,0
DA:32,0
DA:35,2
DA:36,2
DA:51,1
DA:52,5
DA:53,5
DA:54,4
DA:56,1
LF:25
LH:23
BRDA:29,0,0,0
BRDA:29,0,1,2
BRF:2
BRH:1
end_of_record
TN:
SF:src/wrapper-fns/access-token.ts
FN:19,(anonymous_1)
FNF:1
FNH:1
FNDA:3,(anonymous_1)
DA:1,2
DA:4,2
DA:5,2
DA:19,2
DA:20,3
DA:21,3
DA:23,3
DA:25,3
DA:26,1
DA:29,2
DA:30,2
DA:45,1
DA:47,1
DA:49,1
LF:14
LH:14
BRDA:19,0,0,3
BRDA:25,1,0,1
BRDA:50,2,0,0
BRDA:50,2,1,1
BRDA:50,3,0,1
BRDA:50,3,1,1
BRDA:50,4,0,0
BRDA:50,4,1,1
BRF:8
BRH:6
end_of_record
TN:
SF:src/wrapper-fns/index.ts
FN:2,(anonymous_4)
FN:3,(anonymous_5)
FNF:2
FNH:0
FNDA:0,(anonymous_4)
FNDA:0,(anonymous_5)
DA:1,0
DA:2,0
DA:3,0
LF:3
LH:0
BRF:0
BRH:0
end_of_record
TN:
SF:src/wrapper-fns/stk-push.ts
FN:25,(anonymous_1)
FNF:1
FNH:1
FNDA:8,(anonymous_1)
DA:11,1
DA:12,1
DA:14,1
DA:15,1
DA:25,1
DA:33,8
DA:34,1
DA:36,7
DA:37,1
DA:40,6
DA:41,0
DA:44,6
DA:45,1
DA:47,5
DA:48,3
DA:51,2
DA:52,2
DA:54,2
DA:56,2
DA:71,2
DA:73,2
DA:83,1
DA:87,1
LF:23
LH:22
BRDA:33,0,0,1
BRDA:36,1,0,1
BRDA:40,2,0,0
BRDA:40,3,0,6
BRDA:40,3,1,6
BRDA:44,4,0,1
BRDA:47,5,0,3
BRDA:63,6,0,0
BRDA:63,6,1,2
BRDA:88,7,0,0
BRDA:88,7,1,1
BRDA:88,8,0,1
BRDA:88,8,1,1
BRDA:88,9,0,0
BRDA:88,9,1,1
BRDA:88,10,0,1
BRDA:88,10,1,1
BRF:17
BRH:13
end_of_record
TN:
SF:src/wrapper-fns/wrapper-fns.ts
FN:38,(anonymous_1)
FN:77,(anonymous_2)
FN:103,(anonymous_3)
FN:130,(anonymous_4)
FN:153,(anonymous_5)
FN:185,(anonymous_6)
FN:208,(anonymous_7)
FN:231,(anonymous_8)
FN:254,(anonymous_9)
FN:277,(anonymous_10)
FNF:10
FNH:0
FNDA:0,(anonymous_1)
FNDA:0,(anonymous_2)
FNDA:0,(anonymous_3)
FNDA:0,(anonymous_4)
FNDA:0,(anonymous_5)
FNDA:0,(anonymous_6)
FNDA:0,(anonymous_7)
FNDA:0,(anonymous_8)
FNDA:0,(anonymous_9)
FNDA:0,(anonymous_10)
DA:22,0
DA:23,0
DA:24,0
DA:26,0
DA:38,0
DA:41,0
DA:42,0
DA:43,0
DA:52,0
DA:54,0
DA:77,0
DA:80,0
DA:81,0
DA:83,0
DA:85,0
DA:95,0
DA:97,0
DA:103,0
DA:106,0
DA:108,0
DA:109,0
DA:122,0
DA:124,0
DA:130,0
DA:133,0
DA:135,0
DA:136,0
DA:145,0
DA:147,0
DA:153,0
DA:156,0
DA:158,0
DA:159,0
DA:168,0
DA:170,0
DA:185,0
DA:188,0
DA:190,0
DA:191,0
DA:200,0
DA:202,0
DA:208,0
DA:211,0
DA:213,0
DA:214,0
DA:223,0
DA:225,0
DA:231,0
DA:234,0
DA:236,0
DA:237,0
DA:246,0
DA:248,0
DA:254,0
DA:257,0
DA:259,0
DA:260,0
DA:269,0
DA:271,0
DA:277,0
DA:278,0
DA:280,0
DA:281,0
DA:287,0
DA:289,0
DA:290,0
DA:291,0
LF:67
LH:0
BRDA:55,0,0,0
BRDA:55,0,1,0
BRDA:55,1,0,0
BRDA:55,1,1,0
BRDA:55,2,0,0
BRDA:55,2,1,0
BRDA:55,3,0,0
BRDA:55,3,1,0
BRDA:98,4,0,0
BRDA:98,4,1,0
BRDA:98,5,0,0
BRDA:98,5,1,0
BRDA:98,6,0,0
BRDA:98,6,1,0
BRDA:98,7,0,0
BRDA:98,7,1,0
BRDA:125,8,0,0
BRDA:125,8,1,0
BRDA:125,9,0,0
BRDA:125,9,1,0
BRDA:125,10,0,0
BRDA:125,10,1,0
BRDA:125,11,0,0
BRDA:125,11,1,0
BRDA:148,12,0,0
BRDA:148,12,1,0
BRDA:148,13,0,0
BRDA:148,13,1,0
BRDA:148,14,0,0
BRDA:148,14,1,0
BRDA:148,15,0,0
BRDA:148,15,1,0
BRDA:171,16,0,0
BRDA:171,16,1,0
BRDA:171,17,0,0
BRDA:171,17,1,0
BRDA:171,18,0,0
BRDA:171,18,1,0
BRDA:171,19,0,0
BRDA:171,19,1,0
BRDA:203,20,0,0
BRDA:203,20,1,0
BRDA:203,21,0,0
BRDA:203,21,1,0
BRDA:203,22,0,0
BRDA:203,22,1,0
BRDA:203,23,0,0
BRDA:203,23,1,0
BRDA:226,24,0,0
BRDA:226,24,1,0
BRDA:226,25,0,0
BRDA:226,25,1,0
BRDA:226,26,0,0
BRDA:226,26,1,0
BRDA:226,27,0,0
BRDA:226,27,1,0
BRDA:249,28,0,0
BRDA:249,28,1,0
BRDA:249,29,0,0
BRDA:249,29,1,0
BRDA:249,30,0,0
BRDA:249,30,1,0
BRDA:249,31,0,0
BRDA:249,31,1,0
BRDA:272,32,0,0
BRDA:272,32,1,0
BRDA:272,33,0,0
BRDA:272,33,1,0
BRDA:272,34,0,0
BRDA:272,34,1,0
BRDA:272,35,0,0
BRDA:272,35,1,0
BRDA:292,36,0,0
BRDA:292,36,1,0
BRDA:292,37,0,0
BRDA:292,37,1,0
BRDA:292,38,0,0
BRDA:292,38,1,0
BRDA:292,39,0,0
BRDA:292,39,1,0
BRF:80
BRH:0
end_of_record
